Unity Editor version:    2020.3.22f1 (e1a7f79fd887)
Branch:                  2020.3/staging
Build type:              Release
Batch mode:              YES
macOS version:           Version 11.4 (Build 20F71)
Darwin version:          20.5.0
Architecture:            x86_64
Running under Rosetta:   YES
Available memory:        8192 MB
Using pre-set license
Pro License: NO

COMMAND LINE ARGUMENTS:
/Applications/Unity/Hub/Editor/2020.3.22f1/Unity.app/Contents/MacOS/Unity
-adb2
-batchMode
-noUpm
-name
AssetImportWorker0
-projectPath
/Users/faizan/games/HitTheBall
-logFile
Logs/AssetImportWorker0.log
-srvPort
56668
Successfully changed project path to: /Users/faizan/games/HitTheBall
/Users/faizan/games/HitTheBall
Using Asset Import Pipeline V2.
Refreshing native plugins compatible for Editor in 28.64 ms, found 2 plugins.
Preloading 0 native plugins for Editor in 0.00 ms.
Initialize engine version: 2020.3.22f1 (e1a7f79fd887)
[Subsystems] Discovering subsystems at path /Applications/Unity/Hub/Editor/2020.3.22f1/Unity.app/Contents/Resources/UnitySubsystems
[Subsystems] Discovering subsystems at path /Users/faizan/games/HitTheBall/Assets
GfxDevice: creating device client; threaded=0
2021-11-15 00:31:49.012 Unity[4861:231406] (null) preferred device: Apple M1 (high power)
2021-11-15 00:31:49.012 Unity[4861:231406] Metal devices available: 1
2021-11-15 00:31:49.012 Unity[4861:231406] 0: Apple M1 (high power)
2021-11-15 00:31:49.012 Unity[4861:231406] Using device Apple M1 (high power)
Initializing Metal device caps: Apple M1
Initialize mono
Mono path[0] = '/Applications/Unity/Hub/Editor/2020.3.22f1/Unity.app/Contents/Managed'
Mono path[1] = '/Applications/Unity/Hub/Editor/2020.3.22f1/Unity.app/Contents/MonoBleedingEdge/lib/mono/unityjit'
Mono config path = '/Applications/Unity/Hub/Editor/2020.3.22f1/Unity.app/Contents/MonoBleedingEdge/etc'
Using monoOptions --debugger-agent=transport=dt_socket,embedding=1,server=y,suspend=n,address=127.0.0.1:56861
Begin MonoManager ReloadAssembly
Registering precompiled unity dll's ...
Register platform support module: /Applications/Unity/Hub/Editor/2020.3.22f1/Unity.app/Contents/PlaybackEngines/MacStandaloneSupport/UnityEditor.OSXStandalone.Extensions.dll
Registered in 0.001065 seconds.
Native extension for OSXStandalone target not found
Refreshing native plugins compatible for Editor in 27.75 ms, found 2 plugins.
Preloading 0 native plugins for Editor in 0.00 ms.
Mono: successfully reloaded assembly
- Completed reload, in  2.516 seconds
Domain Reload Profiling:
	ReloadAssembly (2516ms)
		BeginReloadAssembly (88ms)
			ExecutionOrderSort (0ms)
			DisableScriptedObjects (0ms)
			BackupInstance (0ms)
			ReleaseScriptingObjects (0ms)
			CreateAndSetChildDomain (3ms)
		EndReloadAssembly (1075ms)
			LoadAssemblies (85ms)
			RebuildTransferFunctionScriptingTraits (0ms)
			SetupTypeCache (189ms)
			ReleaseScriptCaches (0ms)
			RebuildScriptCaches (45ms)
			SetupLoadedEditorAssemblies (557ms)
				LogAssemblyErrors (0ms)
				InitializePlatformSupportModulesInManaged (10ms)
				SetLoadedEditorAssemblies (0ms)
				RefreshPlugins (28ms)
				BeforeProcessingInitializeOnLoad (86ms)
				ProcessInitializeOnLoadAttributes (325ms)
				ProcessInitializeOnLoadMethodAttributes (107ms)
				AfterProcessingInitializeOnLoad (0ms)
				EditorAssembliesLoaded (1ms)
			ExecutionOrderSort2 (0ms)
			AwakeInstancesAfterBackupRestoration (0ms)
Platform modules already initialized, skipping
Registering precompiled user dll's ...
Registered in 0.003454 seconds.
Begin MonoManager ReloadAssembly
Native extension for OSXStandalone target not found
Refreshing native plugins compatible for Editor in 0.30 ms, found 2 plugins.
Preloading 0 native plugins for Editor in 0.00 ms.
Mono: successfully reloaded assembly
- Completed reload, in  2.349 seconds
Domain Reload Profiling:
	ReloadAssembly (2351ms)
		BeginReloadAssembly (274ms)
			ExecutionOrderSort (0ms)
			DisableScriptedObjects (34ms)
			BackupInstance (0ms)
			ReleaseScriptingObjects (0ms)
			CreateAndSetChildDomain (40ms)
		EndReloadAssembly (1982ms)
			LoadAssemblies (196ms)
			RebuildTransferFunctionScriptingTraits (0ms)
			SetupTypeCache (324ms)
			ReleaseScriptCaches (0ms)
			RebuildScriptCaches (54ms)
			SetupLoadedEditorAssemblies (1155ms)
				LogAssemblyErrors (0ms)
				InitializePlatformSupportModulesInManaged (15ms)
				SetLoadedEditorAssemblies (1ms)
				RefreshPlugins (0ms)
				BeforeProcessingInitializeOnLoad (199ms)
				ProcessInitializeOnLoadAttributes (908ms)
				ProcessInitializeOnLoadMethodAttributes (30ms)
				AfterProcessingInitializeOnLoad (1ms)
				EditorAssembliesLoaded (0ms)
			ExecutionOrderSort2 (0ms)
			AwakeInstancesAfterBackupRestoration (34ms)
Platform modules already initialized, skipping
Validating Project structure ... 0.000409 seconds.
Shader import version has changed; will reimport all shaders...
Upgrading shader files ...0.000393 seconds.
Application.AssetDatabase Initial Script Refresh Start
RefreshInfo: InitialScriptRefreshV2(NoUpdateAssetOptions) scanfilter:  ... 1 filters
RefreshProfiler: Total: 0.000ms
Application.AssetDatabase Initial Script Refresh End
Application.AssetDatabase.Refresh Start
Application.AssetDatabase.Refresh End
RefreshInfo: StopAssetImportingV2(ForceSynchronousImport) scanfilter: 
RefreshProfiler: Total: 0.000ms
Launching external process: /Applications/Unity/Hub/Editor/2020.3.22f1/Unity.app/Contents/Tools/UnityShaderCompiler
Launched and connected shader compiler UnityShaderCompiler after 0.02 seconds
Initializing Unity extensions:
========================================================================
Worker process is ready to serve import requests
Refreshing native plugins compatible for Editor in 0.27 ms, found 2 plugins.
Preloading 0 native plugins for Editor in 0.00 ms.
Unloading 1492 Unused Serialized files (Serialized files now loaded: 0)
System memory in use before: 166.8 MB.
System memory in use after: 165.9 MB.

Unloading 82 unused Assets to reduce memory usage. Loaded Objects now: 1968.
Total: 2.472458 ms (FindLiveObjects: 0.086000 ms CreateObjectMapping: 0.028833 ms MarkObjects: 1.957417 ms  DeleteObjects: 0.399458 ms)

AssetImportParameters requested are different than current active one (requested -> active):
  custom:video-decoder-ogg-theora: a1e56fd34408186e4bbccfd4996cb3dc -> 
  custom:container-muxer-webm: aa71ff27fc2769a1b78a27578f13a17b -> 
  custom:container-demuxer-webm: 4f35f7cbe854078d1ac9338744f61a02 -> 
  custom:container-demuxer-ogg: 62fdf1f143b41e24485cea50d1cbac27 -> 
  custom:video-encoder-webm-vp8: eb34c28f22e8b96e1ab97ce403110664 -> 
  custom:framework-osx-AVFoundation: e770b220cccbd017edd2c1fefb359320 -> 
  custom:video-decoder-webm-vp8: 9c59270c3fd7afecdb556c50c9e8de78 -> 
  custom:audio-decoder-ogg-vorbis: bf7c407c2cedff20999df2af8eb42d56 -> 
  custom:audio-encoder-webm-vorbis: bf7c407c2cedff20999df2af8eb42d56 -> 
========================================================================
Received Import Request.
  path: Assets/Textures/SoftballColor.jpeg
  artifactKey: Guid(e9bcf27cfea9b4dca8b105b42347e3e7) Importer(815301076,1909f56bfc062723c751e8b465ee728b)
Start importing Assets/Textures/SoftballColor.jpeg using Guid(e9bcf27cfea9b4dca8b105b42347e3e7) Importer(815301076,1909f56bfc062723c751e8b465ee728b)  -> (artifact id: 'e2b23eb37715d1cef7370de2d3441d39') in 0.578708 seconds 
  Import took 0.580766 seconds .

========================================================================
Received Import Request.
  Time since last request: 0.004127 seconds.
  path: Assets/Textures/BackgroundBricks.jpg
  artifactKey: Guid(3a5b637e0055a4453aeac768f596d23c) Importer(815301076,1909f56bfc062723c751e8b465ee728b)
Start importing Assets/Textures/BackgroundBricks.jpg using Guid(3a5b637e0055a4453aeac768f596d23c) Importer(815301076,1909f56bfc062723c751e8b465ee728b)  -> (artifact id: 'f06fb14750e0d492f5f73d15ea01dd27') in 0.421536 seconds 
  Import took 0.424265 seconds .

========================================================================
Received Import Request.
  Time since last request: 0.003368 seconds.
  path: Assets/Textures/BackgroundBricknStones.jpg
  artifactKey: Guid(7ed7da52e249642d59fadb05ac6f4060) Importer(815301076,1909f56bfc062723c751e8b465ee728b)
Start importing Assets/Textures/BackgroundBricknStones.jpg using Guid(7ed7da52e249642d59fadb05ac6f4060) Importer(815301076,1909f56bfc062723c751e8b465ee728b)  -> (artifact id: 'b1950a90c431ec693f82795ac03f91ad') in 0.008619 seconds 
  Import took 0.012055 seconds .

========================================================================
Received Import Request.
  Time since last request: 0.000289 seconds.
  path: Assets/Textures/SoftballBump.jpeg
  artifactKey: Guid(8e6411f8beda14659ad73d3e71edbef4) Importer(815301076,1909f56bfc062723c751e8b465ee728b)
Start importing Assets/Textures/SoftballBump.jpeg using Guid(8e6411f8beda14659ad73d3e71edbef4) Importer(815301076,1909f56bfc062723c751e8b465ee728b)  -> (artifact id: '6139a520e21468bb25c5c3649e632dff') in 0.006220 seconds 
  Import took 0.007937 seconds .

========================================================================
Received Import Request.
  Time since last request: 0.000303 seconds.
  path: Assets/Textures/Can_Texture.png
  artifactKey: Guid(eb0b0e27c78cb4b3d814f8564d46cd29) Importer(815301076,1909f56bfc062723c751e8b465ee728b)
Start importing Assets/Textures/Can_Texture.png using Guid(eb0b0e27c78cb4b3d814f8564d46cd29) Importer(815301076,1909f56bfc062723c751e8b465ee728b)  -> (artifact id: '6a9feefe81ef1c7fbe6fccb3adf14d0b') in 0.437228 seconds 
  Import took 0.439498 seconds .

========================================================================
Received Import Request.
  Time since last request: 7.181392 seconds.
  path: Assets/Materials/BackgroundBricknStones.mat
  artifactKey: Guid(e3aa613c57794426e8e546a52a67fcfb) Importer(815301076,1909f56bfc062723c751e8b465ee728b)
Start importing Assets/Materials/BackgroundBricknStones.mat using Guid(e3aa613c57794426e8e546a52a67fcfb) Importer(815301076,1909f56bfc062723c751e8b465ee728b)  -> (artifact id: '7f49136518cb5e34bbe42dca9d8104fe') in 0.938906 seconds 
  Import took 0.942157 seconds .

========================================================================
Received Import Request.
  Time since last request: 75.813416 seconds.
  path: Assets/Materials/BackgroundBricknStones.mat
  artifactKey: Guid(e3aa613c57794426e8e546a52a67fcfb) Importer(815301076,1909f56bfc062723c751e8b465ee728b)
Start importing Assets/Materials/BackgroundBricknStones.mat using Guid(e3aa613c57794426e8e546a52a67fcfb) Importer(815301076,1909f56bfc062723c751e8b465ee728b)  -> (artifact id: '8866c099db54f31aa2fc8757312de120') in 0.014591 seconds 
  Import took 0.016760 seconds .

========================================================================
Received Import Request.
  Time since last request: 1.559810 seconds.
  path: Assets/Materials/BackgroundBricknStones.mat
  artifactKey: Guid(e3aa613c57794426e8e546a52a67fcfb) Importer(815301076,1909f56bfc062723c751e8b465ee728b)
Start importing Assets/Materials/BackgroundBricknStones.mat using Guid(e3aa613c57794426e8e546a52a67fcfb) Importer(815301076,1909f56bfc062723c751e8b465ee728b)  -> (artifact id: '4b8b04e790ca7ddd80865c309002e927') in 0.011947 seconds 
  Import took 0.014656 seconds .

========================================================================
Received Import Request.
  Time since last request: 62.074830 seconds.
  path: Assets/Materials/BackgroundMaterial.mat
  artifactKey: Guid(d5bde9472743749cc928b1540c59d5db) Importer(815301076,1909f56bfc062723c751e8b465ee728b)
Start importing Assets/Materials/BackgroundMaterial.mat using Guid(d5bde9472743749cc928b1540c59d5db) Importer(815301076,1909f56bfc062723c751e8b465ee728b)  -> (artifact id: '8a44163dd30267ad902097234dcb1660') in 0.036733 seconds 
  Import took 0.038943 seconds .

========================================================================
Received Prepare
Refreshing native plugins compatible for Editor in 4.46 ms, found 2 plugins.
Preloading 0 native plugins for Editor in 0.00 ms.
Unloading 12 Unused Serialized files (Serialized files now loaded: 0)
System memory in use before: 154.4 MB.
System memory in use after: 154.5 MB.

Unloading 12 unused Assets to reduce memory usage. Loaded Objects now: 2010.
Total: 14.315792 ms (FindLiveObjects: 0.381375 ms CreateObjectMapping: 0.032459 ms MarkObjects: 13.669041 ms  DeleteObjects: 0.231667 ms)

AssetImportParameters requested are different than current active one (requested -> active):
  custom:video-decoder-ogg-theora: a1e56fd34408186e4bbccfd4996cb3dc -> 
  custom:container-muxer-webm: aa71ff27fc2769a1b78a27578f13a17b -> 
  custom:container-demuxer-webm: 4f35f7cbe854078d1ac9338744f61a02 -> 
  custom:container-demuxer-ogg: 62fdf1f143b41e24485cea50d1cbac27 -> 
  custom:video-encoder-webm-vp8: eb34c28f22e8b96e1ab97ce403110664 -> 
  custom:framework-osx-AVFoundation: e770b220cccbd017edd2c1fefb359320 -> 
  custom:video-decoder-webm-vp8: 9c59270c3fd7afecdb556c50c9e8de78 -> 
  custom:audio-decoder-ogg-vorbis: bf7c407c2cedff20999df2af8eb42d56 -> 
  custom:audio-encoder-webm-vorbis: bf7c407c2cedff20999df2af8eb42d56 -> 
